Link found: "navigation" -> #mw-head
Link found: "search" -> #p-search
Link found: "Wikipedia" -> /wiki/Wikipedia
Link found: "free" -> /wiki/Free_content
Link found: "encyclopedia" -> /wiki/Encyclopedia
Link found: "anyone can edit" -> /wiki/Wikipedia:Introduction
Link found: "5,496,422" -> /wiki/Special:Statistics
Link found: "English" -> /wiki/English_language
Link found: "Arts" -> /wiki/Portal:Arts
Link found: "Biography" -> /wiki/Portal:Biography
Link found: "Geography" -> /wiki/Portal:Geography
Link found: "History" -> /wiki/Portal:History
Link found: "Mathematics" -> /wiki/Portal:Mathematics
Link found: "Science" -> /wiki/Portal:Science
Link found: "Society" -> /wiki/Portal:Society
Link found: "Technology" -> /wiki/Portal:Technology
Link found: "All portals" -> /wiki/Portal:Contents/Portals
Link found: "" -> /wiki/File:Da.se.ne.zaboravi.jpg
Link found: "Kragujevac massacre" -> /wiki/Kragujevac_massacre
Link found: "mass murder" -> /wiki/Mass_murder
Link found: "Kragujevac" -> /wiki/Kragujevac
Link found: "German-occupied territory of Serbia" -> /wiki/Territory_of_the_Military_Commander_in_Serbia
Link found: "German" -> /wiki/Nazi_Germany
Link found: "World War II" -> /wiki/World_War_II
Link found: "reprisal" -> /wiki/Reprisal
Link found: "Gornji Milanovac" -> /wiki/Gornji_Milanovac
Link found: "Serbs" -> /wiki/Serb
Link found: "Jews" -> /wiki/Jews
Link found: "Romani people" -> /wiki/Romani_people
Link found: "Muslims" -> /wiki/Islam_in_Serbia
Link found: "Macedonians" -> /wiki/Macedonians_(ethnic_group)
Link found: "Slovenes" -> /wiki/Slovenes
Link found: "Partisans" -> /wiki/Yugoslav_Partisans
Link found: "Serbian nationalist" -> /wiki/Serbian_nationalism
Link found: "Chetniks" -> /wiki/Chetniks
Link found: "Draža Mihailović" -> /wiki/Dra%C5%BEa_Mihailovi%C4%87
Link found: "Nuremberg Trials" -> /wiki/Nuremberg_Trials
Link found: "October in Kragujevac Memorial Park" -> /wiki/October_in_Kragujevac_Memorial_Park
Link found: "Full\u00a0article..." -> /wiki/Kragujevac_massacre
Link found: "Boogeyman 2" -> /wiki/Boogeyman_2
Link found: "Henry III of England" -> /wiki/Henry_III_of_England
Link found: "Ice core" -> /wiki/Ice_core
Link found: "Archive" -> /wiki/Wikipedia:Today%27s_featured_article/October_2017
Link found: "By email" -> https://lists.wikimedia.org/mailman/listinfo/daily-article-l
Link found: "More featured articles" -> /wiki/Wikipedia:Featured_articles
Link found: "" -> /wiki/File:SpaceNanoDiamonds.jpg
Link found: "extraterrestrial diamonds" -> /wiki/Extraterrestrial_diamonds
Link found: "Tejano" -> /wiki/Tejano
Link found: "José Tomás Canales" -> /wiki/Jos%C3%A9_Tom%C3%A1s_Canales
Link found: "Texas Rangers" -> /wiki/Texas_Ranger_Division
Link found: "Baahubali 2: The Conclusion" -> /wiki/Baahubali_2:_The_Conclusion
Link found: "highest grossing film in India" -> /wiki/List_of_highest-grossing_films_in_India
Link found: "₹" -> /wiki/Indian_rupee
Link found: "Melahat Okuyan" -> /wiki/Melahat_Okuyan
Link found: "microbiologist" -> /wiki/Microbiology
Link found: "male brothels" -> /wiki/Male_prostitution#Male_brothels
Link found: "cross-dressers" -> /wiki/Cross-dressing
Link found: "midden inkcap" -> /wiki/Coprinus_sterquilinus
Link found: "Krishna" -> /wiki/Krishna
Link found: "Hindu" -> /wiki/Hindu
Link found: "a host venue" -> /wiki/Kamaishi_Recovery_Memorial_Stadium
Link found: "2019 Rugby World Cup" -> /wiki/2019_Rugby_World_Cup
Link found: "Kamaishi" -> /wiki/Kamaishi,_Iwate
Link found: "2011 Tōhoku earthquake and tsunami" -> /wiki/2011_T%C5%8Dhoku_earthquake_and_tsunami
Link found: "Agnes Robertson" -> /wiki/Agnes_Robertson
Link found: "Australian Senate" -> /wiki/Australian_Senate
Link found: "Recent additions" -> /wiki/Wikipedia:Recent_additions
Link found: "Start a new article" -> /wiki/Wikipedia:Your_first_article
Link found: "Nominate an article" -> /wiki/Template_talk:Did_you_know
Link found: "" -> /wiki/File:Jacinda_Ardern_-_cropped.jpg
Link found: "Jacinda Ardern" -> /wiki/Jacinda_Ardern
Link found: "Prime Minister of New Zealand" -> /wiki/Prime_Minister_of_New_Zealand
Link found: "Labour" -> /wiki/New_Zealand_Labour_Party
Link found: "NZ First" -> /wiki/New_Zealand_First
Link found: "Lincoln in the Bardo" -> /wiki/Lincoln_in_the_Bardo
Link found: "George Saunders" -> /wiki/George_Saunders
Link found: "Man Booker Prize" -> /wiki/Booker_Prize
Link found: "Syrian Democratic Forces" -> /wiki/Syrian_Democratic_Forces
Link found: "Battle of Raqqa" -> /wiki/Battle_of_Raqqa_(2017)
Link found: "first observation" -> /wiki/GW170817
Link found: "neutron star" -> /wiki/Neutron_star
Link found: "gravitational waves" -> /wiki/Gravitational_wave
Link found: "electromagnetic radiation" -> /wiki/Electromagnetic_radiation
Link found: "ÖVP" -> /wiki/Austrian_People%27s_Party
Link found: "Sebastian Kurz" -> /wiki/Sebastian_Kurz
Link found: "Austrian legislative election" -> /wiki/Austrian_legislative_election,_2017
Link found: "Other recent events" -> /wiki/Portal:Current_events
Link found: "Recent deaths" -> /wiki/Deaths_in_2017
Link found: "Gord Downie" -> /wiki/Gord_Downie
Link found: "John Dunsworth" -> /wiki/John_Dunsworth
Link found: "Roy Dotrice" -> /wiki/Roy_Dotrice
Link found: "Daphne Caruana Galizia" -> /wiki/Daphne_Caruana_Galizia
Link found: "October 21" -> /wiki/October_21
Link found: "Twin Holy Birthdays" -> /wiki/Twin_Holy_Birthdays
Link found: "Bahá'í Faith" -> /wiki/Bah%C3%A1%27%C3%AD_Faith
Link found: "" -> /wiki/File:HoratioNelson1.jpg
Link found: "1520" -> /wiki/1520
Link found: "Saint Pierre and Miquelon" -> /wiki/Saint_Pierre_and_Miquelon
Link found: "João Álvares Fagundes" -> /wiki/Jo%C3%A3o_%C3%81lvares_Fagundes
Link found: "11,000 Virgins" -> /wiki/Saint_Ursula
Link found: "1805" -> /wiki/1805
Link found: "Napoleonic Wars" -> /wiki/Napoleonic_Wars
Link found: "Lord Nelson" -> /wiki/Horatio_Nelson,_1st_Viscount_Nelson
Link found: "England expects that every man will do his duty" -> /wiki/England_expects_that_every_man_will_do_his_duty
Link found: "Royal Navy" -> /wiki/Royal_Navy
Link found: "Battle of Trafalgar" -> /wiki/Battle_of_Trafalgar
Link found: "Cape Trafalgar" -> /wiki/Cape_Trafalgar
Link found: "1867" -> /wiki/1867
Link found: "Medicine Lodge Treaties" -> /wiki/Medicine_Lodge_Treaty
Link found: "Native American tribes in the Great Plains" -> /wiki/Plains_Indians
Link found: "Oklahoma" -> /wiki/Oklahoma
Link found: "1966" -> /wiki/1966
Link found: "coal tip" -> /wiki/Spoil_tip
Link found: "fell" -> /wiki/Aberfan_disaster
Link found: "Aberfan" -> /wiki/Aberfan
Link found: "1994" -> /wiki/1994
Link found: "Agreed Framework" -> /wiki/Agreed_Framework
Link found: "nuclear weapons program" -> /wiki/North_Korea_and_weapons_of_mass_destruction
Link found: "Sims Reeves" -> /wiki/Sims_Reeves
Link found: "Isabelle Eberhardt" -> /wiki/Isabelle_Eberhardt
Link found: "Virginia Zeani" -> /wiki/Virginia_Zeani
Link found: "October 20" -> /wiki/October_20
Link found: "October 21" -> /wiki/October_21
Link found: "October 22" -> /wiki/October_22
Link found: "Archive" -> /wiki/Wikipedia:Selected_anniversaries/October
Link found: "By email" -> https://lists.wikimedia.org/mailman/listinfo/daily-article-l
Link found: "List of historical anniversaries" -> /wiki/List_of_historical_anniversaries
Link found: "" -> /wiki/File:Lunar_eclipse_04-15-2014_by_R_Jay_GaBany.jpg
Link found: "lunar eclipse" -> /wiki/Lunar_eclipse
Link found: "April 2014" -> /wiki/April_2014_lunar_eclipse
Link found: "Charleston, West Virginia" -> /wiki/Charleston,_West_Virginia
Link found: "Earth's shadow" -> /wiki/Earth%27s_shadow
Link found: "sunlight refracted and scattered" -> /wiki/Lunar_eclipse#Lunar_eclipse_appearance
Link found: "umbra" -> /wiki/Umbra,_penumbra_and_antumbra
Link found: "Robert Jay GaBany" -> /wiki/R._Jay_GaBany
Link found: "Curug Cipendok" -> /wiki/Template:POTD/2017-10-20
Link found: "Niveoscincus metallicus" -> /wiki/Template:POTD/2017-10-19
Link found: "Bulb Fields" -> /wiki/Template:POTD/2017-10-18
Link found: "Archive" -> /wiki/Wikipedia:Picture_of_the_day/October_2017
Link found: "More featured pictures" -> /wiki/Wikipedia:Featured_pictures
Link found: "Community portal" -> /wiki/Wikipedia:Community_portal
Link found: "Help desk" -> /wiki/Wikipedia:Help_desk
Link found: "Local embassy" -> /wiki/Wikipedia:Local_Embassy
Link found: "Reference desk" -> /wiki/Wikipedia:Reference_desk
Link found: "Site news" -> /wiki/Wikipedia:News
Link found: "Village pump" -> /wiki/Wikipedia:Village_pump
Link found: "Wikimedia Foundation" -> /wiki/Wikimedia_Foundation
Link found: "projects" -> https://wikimediafoundation.org/wiki/Our_projects
Link found: "" -> https://commons.wikimedia.org/wiki/
Link found: "Commons" -> //commons.wikimedia.org/
Link found: "" -> https://www.mediawiki.org/wiki/
Link found: "MediaWiki" -> //mediawiki.org/
Link found: "" -> https://meta.wikimedia.org/wiki/
Link found: "Meta-Wiki" -> //meta.wikimedia.org/
Link found: "" -> https://en.wikibooks.org/wiki/
Link found: "Wikibooks" -> //en.wikibooks.org/
Link found: "" -> https://www.wikidata.org/wiki/
Link found: "Wikidata" -> //www.wikidata.org/
Link found: "" -> https://en.wikinews.org/wiki/
Link found: "Wikinews" -> //en.wikinews.org/
Link found: "" -> https://en.wikiquote.org/wiki/
Link found: "Wikiquote" -> //en.wikiquote.org/
Link found: "" -> https://en.wikisource.org/wiki/
Link found: "Wikisource" -> //en.wikisource.org/
Link found: "" -> https://species.wikimedia.org/wiki/
Link found: "Wikispecies" -> //species.wikimedia.org/
Link found: "" -> https://en.wikiversity.org/wiki/
Link found: "Wikiversity" -> //en.wikiversity.org/
Link found: "" -> https://en.wikivoyage.org/wiki/
Link found: "Wikivoyage" -> //en.wikivoyage.org/
Link found: "" -> https://en.wiktionary.org/wiki/
Link found: "Wiktionary" -> //en.wiktionary.org/
Link found: "English" -> /wiki/English_language
Link found: "5,496,422" -> /wiki/Special:Statistics
Link found: "Deutsch" -> https://de.wikipedia.org/wiki/
Link found: "Español" -> https://es.wikipedia.org/wiki/
Link found: "Français" -> https://fr.wikipedia.org/wiki/
Link found: "Italiano" -> https://it.wikipedia.org/wiki/
Link found: "Nederlands" -> https://nl.wikipedia.org/wiki/
Link found: "日本語" -> https://ja.wikipedia.org/wiki/
Link found: "Polski" -> https://pl.wikipedia.org/wiki/
Link found: "Русский" -> https://ru.wikipedia.org/wiki/
Link found: "Svenska" -> https://sv.wikipedia.org/wiki/
Link found: "Tiếng Việt" -> https://vi.wikipedia.org/wiki/
Link found: "العربية" -> https://ar.wikipedia.org/wiki/
Link found: "Bahasa Indonesia" -> https://id.wikipedia.org/wiki/
Link found: "Bahasa Melayu" -> https://ms.wikipedia.org/wiki/
Link found: "Català" -> https://ca.wikipedia.org/wiki/
Link found: "Čeština" -> https://cs.wikipedia.org/wiki/
Link found: "Euskara" -> https://eu.wikipedia.org/wiki/
Link found: "فارسی" -> https://fa.wikipedia.org/wiki/
Link found: "한국어" -> https://ko.wikipedia.org/wiki/
Link found: "Magyar" -> https://hu.wikipedia.org/wiki/
Link found: "Norsk" -> https://no.wikipedia.org/wiki/
Link found: "Português" -> https://pt.wikipedia.org/wiki/
Link found: "Română" -> https://ro.wikipedia.org/wiki/
Link found: "Srpski" -> https://sr.wikipedia.org/wiki/
Link found: "Srpskohrvatski" -> https://sh.wikipedia.org/wiki/
Link found: "Suomi" -> https://fi.wikipedia.org/wiki/
Link found: "Türkçe" -> https://tr.wikipedia.org/wiki/
Link found: "Українська" -> https://uk.wikipedia.org/wiki/
Link found: "中文" -> https://zh.wikipedia.org/wiki/
Link found: "Bosanski" -> https://bs.wikipedia.org/wiki/
Link found: "Български" -> https://bg.wikipedia.org/wiki/
Link found: "Dansk" -> https://da.wikipedia.org/wiki/
Link found: "Eesti" -> https://et.wikipedia.org/wiki/
Link found: "Ελληνικά" -> https://el.wikipedia.org/wiki/
Link found: "English (simple form)" -> https://simple.wikipedia.org/wiki/
Link found: "Esperanto" -> https://eo.wikipedia.org/wiki/
Link found: "Galego" -> https://gl.wikipedia.org/wiki/
Link found: "עברית" -> https://he.wikipedia.org/wiki/
Link found: "Hrvatski" -> https://hr.wikipedia.org/wiki/
Link found: "Latviešu" -> https://lv.wikipedia.org/wiki/
Link found: "Lietuvių" -> https://lt.wikipedia.org/wiki/
Link found: "Norsk nynorsk" -> https://nn.wikipedia.org/wiki/
Link found: "Slovenčina" -> https://sk.wikipedia.org/wiki/
Link found: "Slovenščina" -> https://sl.wikipedia.org/wiki/
Link found: "ไทย" -> https://th.wikipedia.org/wiki/
Link found: "Complete list of Wikipedias" -> https://meta.wikimedia.org/wiki/List_of_Wikipedias
Link found: "https://en.wikipedia.org/w/index.php?title=Main_Page&oldid=798174323" -> https://en.wikipedia.org/w/index.php?title=Main_Page&oldid=798174323
Link found: "Talk" -> /wiki/Special:MyTalk
Link found: "Contributions" -> /wiki/Special:MyContributions
Link found: "Create account" -> /w/index.php?title=Special:CreateAccount&returnto=Main+Page
Link found: "Log in" -> /w/index.php?title=Special:UserLogin&returnto=Main+Page
Link found: "Main Page" -> /wiki/Main_Page
Link found: "Talk" -> /wiki/Talk:Main_Page
Link found: "Read" -> /wiki/Main_Page
Link found: "View source" -> /w/index.php?title=Main_Page&action=edit
Link found: "View history" -> /w/index.php?title=Main_Page&action=history
Link found: "" -> /wiki/Main_Page
Link found: "Main page" -> /wiki/Main_Page
Link found: "Contents" -> /wiki/Portal:Contents
Link found: "Featured content" -> /wiki/Portal:Featured_content
Link found: "Current events" -> /wiki/Portal:Current_events
Link found: "Random article" -> /wiki/Special:Random
Link found: "Donate to Wikipedia" -> https://donate.wikimedia.org/wiki/Special:FundraiserRedirector?utm_source=donate&utm_medium=sidebar&utm_campaign=C13_en.wikipedia.org&uselang=en
Link found: "Wikipedia store" -> //shop.wikimedia.org
Link found: "Help" -> /wiki/Help:Contents
Link found: "About Wikipedia" -> /wiki/Wikipedia:About
Link found: "Community portal" -> /wiki/Wikipedia:Community_portal
Link found: "Recent changes" -> /wiki/Special:RecentChanges
Link found: "Contact page" -> //en.wikipedia.org/wiki/Wikipedia:Contact_us
Link found: "What links here" -> /wiki/Special:WhatLinksHere/Main_Page
Link found: "Related changes" -> /wiki/Special:RecentChangesLinked/Main_Page
Link found: "Upload file" -> /wiki/Wikipedia:File_Upload_Wizard
Link found: "Special pages" -> /wiki/Special:SpecialPages
Link found: "Permanent link" -> /w/index.php?title=Main_Page&oldid=798174323
Link found: "Page information" -> /w/index.php?title=Main_Page&action=info
Link found: "Wikidata item" -> https://www.wikidata.org/wiki/Special:EntityPage/Q5296
Link found: "Cite this page" -> /w/index.php?title=Special:CiteThisPage&page=Main_Page&id=798174323
Link found: "Create a book" -> /w/index.php?title=Special:Book&bookcmd=book_creator&referer=Main+Page
Link found: "Download as PDF" -> /w/index.php?title=Special:ElectronPdf&page=Main+Page&action=show-download-screen
Link found: "Printable version" -> /w/index.php?title=Main_Page&printable=yes
Link found: "Wikimedia Commons" -> https://commons.wikimedia.org/wiki/Main_Page
Link found: "MediaWiki" -> https://www.mediawiki.org/wiki/MediaWiki
Link found: "Meta-Wiki" -> https://meta.wikimedia.org/wiki/Main_Page
Link found: "Wikispecies" -> https://species.wikimedia.org/wiki/Main_Page
Link found: "Wikibooks" -> https://en.wikibooks.org/wiki/Main_Page
Link found: "Wikidata" -> https://www.wikidata.org/wiki/Wikidata:Main_Page
Link found: "Wikinews" -> https://en.wikinews.org/wiki/Main_Page
Link found: "Wikiquote" -> https://en.wikiquote.org/wiki/Main_Page
Link found: "Wikisource" -> https://en.wikisource.org/wiki/Main_Page
Link found: "Wikiversity" -> https://en.wikiversity.org/wiki/Wikiversity:Main_Page
Link found: "Wikivoyage" -> https://en.wikivoyage.org/wiki/Main_Page
Link found: "Wiktionary" -> https://en.wiktionary.org/wiki/Wiktionary:Main_Page
Link found: "العربية" -> https://ar.wikipedia.org/wiki/
Link found: "Български" -> https://bg.wikipedia.org/wiki/
Link found: "Bosanski" -> https://bs.wikipedia.org/wiki/
Link found: "Català" -> https://ca.wikipedia.org/wiki/
Link found: "Čeština" -> https://cs.wikipedia.org/wiki/
Link found: "Dansk" -> https://da.wikipedia.org/wiki/
Link found: "Deutsch" -> https://de.wikipedia.org/wiki/
Link found: "Eesti" -> https://et.wikipedia.org/wiki/
Link found: "Ελληνικά" -> https://el.wikipedia.org/wiki/
Link found: "Español" -> https://es.wikipedia.org/wiki/
Link found: "Esperanto" -> https://eo.wikipedia.org/wiki/
Link found: "Euskara" -> https://eu.wikipedia.org/wiki/
Link found: "فارسی" -> https://fa.wikipedia.org/wiki/
Link found: "Français" -> https://fr.wikipedia.org/wiki/
Link found: "Galego" -> https://gl.wikipedia.org/wiki/
Link found: "한국어" -> https://ko.wikipedia.org/wiki/
Link found: "Hrvatski" -> https://hr.wikipedia.org/wiki/
Link found: "Bahasa Indonesia" -> https://id.wikipedia.org/wiki/
Link found: "Italiano" -> https://it.wikipedia.org/wiki/
Link found: "עברית" -> https://he.wikipedia.org/wiki/
Link found: "ქართული" -> https://ka.wikipedia.org/wiki/
Link found: "Latviešu" -> https://lv.wikipedia.org/wiki/
Link found: "Lietuvių" -> https://lt.wikipedia.org/wiki/
Link found: "Magyar" -> https://hu.wikipedia.org/wiki/
Link found: "Bahasa Melayu" -> https://ms.wikipedia.org/wiki/
Link found: "Nederlands" -> https://nl.wikipedia.org/wiki/
Link found: "日本語" -> https://ja.wikipedia.org/wiki/
Link found: "Norsk" -> https://no.wikipedia.org/wiki/
Link found: "Norsk nynorsk" -> https://nn.wikipedia.org/wiki/
Link found: "Polski" -> https://pl.wikipedia.org/wiki/
Link found: "Português" -> https://pt.wikipedia.org/wiki/
Link found: "Română" -> https://ro.wikipedia.org/wiki/
Link found: "Русский" -> https://ru.wikipedia.org/wiki/
Link found: "Simple English" -> https://simple.wikipedia.org/wiki/
Link found: "Slovenčina" -> https://sk.wikipedia.org/wiki/
Link found: "Slovenščina" -> https://sl.wikipedia.org/wiki/
Link found: "Српски / srpski" -> https://sr.wikipedia.org/wiki/
Link found: "Srpskohrvatski / српскохрватски" -> https://sh.wikipedia.org/wiki/
Link found: "Suomi" -> https://fi.wikipedia.org/wiki/
Link found: "Svenska" -> https://sv.wikipedia.org/wiki/
Link found: "ไทย" -> https://th.wikipedia.org/wiki/
Link found: "Türkçe" -> https://tr.wikipedia.org/wiki/
Link found: "Українська" -> https://uk.wikipedia.org/wiki/
Link found: "Tiếng Việt" -> https://vi.wikipedia.org/wiki/
Link found: "中文" -> https://zh.wikipedia.org/wiki/
Link found: "Creative Commons Attribution-ShareAlike License" -> //en.wikipedia.org/wiki/Wikipedia:Text_of_Creative_Commons_Attribution-ShareAlike_3.0_Unported_License
Link found: "" -> //creativecommons.org/licenses/by-sa/3.0/
Link found: "Terms of Use" -> //wikimediafoundation.org/wiki/Terms_of_Use
Link found: "Privacy Policy" -> //wikimediafoundation.org/wiki/Privacy_policy
Link found: "Wikimedia Foundation, Inc." -> //www.wikimediafoundation.org/
Link found: "Privacy policy" -> https://wikimediafoundation.org/wiki/Privacy_policy
Link found: "About Wikipedia" -> /wiki/Wikipedia:About
Link found: "Disclaimers" -> /wiki/Wikipedia:General_disclaimer
Link found: "Contact Wikipedia" -> //en.wikipedia.org/wiki/Wikipedia:Contact_us
Link found: "Developers" -> https://www.mediawiki.org/wiki/Special:MyLanguage/How_to_contribute
Link found: "Cookie statement" -> https://wikimediafoundation.org/wiki/Cookie_statement
Link found: "Mobile view" -> //en.m.wikipedia.org/w/index.php?title=Main_Page&mobileaction=toggle_view_mobile
Link found: "" -> https://wikimediafoundation.org/
Link found: "" -> //www.mediawiki.org/
